<!DOCTYPE html PUBLIC "-//W3C//DTD XHTML 1.1//EN" "https://www.w3.org/TR/xhtml11/DTD/xhtml11.dtd">
<html xmlns="https://www.w3.org/1999/xhtml">
<head>
<meta http-equiv="content-type" content="text/html; charset=UTF-8"/>
<title>TestNG Report</title>
<style type="text/css">table {margin-bottom:10px;border-collapse:collapse;empty-cells:show}th,td {border:1px solid #009;padding:.25em .5em}th {vertical-align:bottom}td {vertical-align:top}table a {font-weight:bold}.stripe td {background-color: #E6EBF9}.num {text-align:right}.passedodd td {background-color: #3F3}.passedeven td {background-color: #0A0}.skippedodd td {background-color: #DDD}.skippedeven td {background-color: #CCC}.failedodd td,.attn {background-color: #F33}.failedeven td,.stripe .attn {background-color: #D00}.stacktrace {white-space:pre;font-family:monospace}.totop {font-size:85%;text-align:center;border-bottom:2px solid #000}.invisible {display:none}</style>
</head>
<body>
<table>
<tr><th>Test</th><th># Passed</th><th># Skipped</th><th># Retried</th><th># Failed</th><th>Time (ms)</th><th>Included Groups</th><th>Excluded Groups</th></tr>
<tr><th colspan="8">Suite</th></tr>
<tr><td><a href="#t0">Test</a></td><td class="num">0</td><td class="num attn">5</td><td class="num">0</td><td class="num">0</td><td class="num">119</td><td></td><td></td></tr>
</table>
<table id='summary'><thead><tr><th>Class</th><th>Method</th><th>Start</th><th>Time (ms)</th></tr></thead><tbody><tr><th colspan="4">Suite</th></tr></tbody><tbody id="t0"><tr><th colspan="4">Test &#8212; failed (configuration methods)</th></tr><tr class="failedeven"><td rowspan="1">test.Logintest</td><td><a href="#m0">testDetails</a></td><td rowspan="1">1760716122808</td><td rowspan="1">6</td></tr><tr class="failedodd"><td rowspan="1">test.Producttest</td><td><a href="#m1">testDetails</a></td><td rowspan="1">1760716122871</td><td rowspan="1">0</td></tr><tr><th colspan="4">Test &#8212; skipped (configuration methods)</th></tr><tr class="skippedeven"><td rowspan="2">test.Logintest</td><td><a href="#m2">browserlaunch</a></td><td rowspan="1">1760716122855</td><td rowspan="1">-1760716122855</td></tr><tr class="skippedeven"><td><a href="#m3">shuttingBrowser</a></td><td rowspan="1">1760716122865</td><td rowspan="1">-1760716122865</td></tr><tr class="skippedodd"><td rowspan="8">test.Producttest</td><td><a href="#m4">browserlaunch</a></td><td rowspan="4">1760716122892</td><td rowspan="4">-1760716122892</td></tr><tr class="skippedodd"><td><a href="#m5">browserlaunch</a></td></tr><tr class="skippedodd"><td><a href="#m6">browserlaunch</a></td></tr><tr class="skippedodd"><td><a href="#m7">browserlaunch</a></td></tr><tr class="skippedodd"><td><a href="#m8">shuttingBrowser</a></td><td rowspan="4">1760716122883</td><td rowspan="4">-1760716122883</td></tr><tr class="skippedodd"><td><a href="#m9">shuttingBrowser</a></td></tr><tr class="skippedodd"><td><a href="#m10">shuttingBrowser</a></td></tr><tr class="skippedodd"><td><a href="#m11">shuttingBrowser</a></td></tr><tr><th colspan="4">Test &#8212; skipped</th></tr><tr class="skippedeven"><td rowspan="1">test.Logintest</td><td><a href="#m12">verifyValidLogin</a></td><td rowspan="1">1760716122858</td><td rowspan="1">0</td></tr><tr class="skippedodd"><td rowspan="4">test.Producttest</td><td><a href="#m13">extractProductsByHeader</a></td><td rowspan="1">1760716122877</td><td rowspan="1">0</td></tr><tr class="skippedodd"><td><a href="#m14">verifyAddToCartWithSorting</a></td><td rowspan="3">1760716122894</td><td rowspan="3">0</td></tr><tr class="skippedodd"><td><a href="#m15">verifyAddToCartWithSorting</a></td></tr><tr class="skippedodd"><td><a href="#m16">verifyAddToCartWithSorting</a></td></tr></tbody>
</table>
<h2>Test</h2><h3 id="m0">test.Logintest#testDetails</h3><table class="result"><tr><th>Exception</th></tr><tr><td><div class="stacktrace">java.lang.IllegalArgumentException: Test name must not be null or empty
	at com.aventstack.extentreports.util.Assert.notEmpty(Assert.java:12)
	at com.aventstack.extentreports.ExtentTest.&lt;init&gt;(ExtentTest.java:97)
	at com.aventstack.extentreports.ExtentTest.&lt;init&gt;(ExtentTest.java:118)
	at com.aventstack.extentreports.ExtentReports.createTest(ExtentReports.java:231)
	at base.Projectspecificationmethod.testDetails(Projectspecificationmethod.java:31)
	at java.base/java.util.ArrayList.forEach(ArrayList.java:1596)
... Removed 23 stack frames</div></td></tr></table><p class="totop"><a href="#summary">back to summary</a></p>
<h3 id="m1">test.Producttest#testDetails</h3><table class="result"><tr><th>Exception</th></tr><tr><td><div class="stacktrace">java.lang.IllegalArgumentException: Test name must not be null or empty
	at com.aventstack.extentreports.util.Assert.notEmpty(Assert.java:12)
	at com.aventstack.extentreports.ExtentTest.&lt;init&gt;(ExtentTest.java:97)
	at com.aventstack.extentreports.ExtentTest.&lt;init&gt;(ExtentTest.java:118)
	at com.aventstack.extentreports.ExtentReports.createTest(ExtentReports.java:231)
	at base.Projectspecificationmethod.testDetails(Projectspecificationmethod.java:31)
	at java.base/java.util.ArrayList.forEach(ArrayList.java:1596)
... Removed 23 stack frames</div></td></tr></table><p class="totop"><a href="#summary">back to summary</a></p>
<h3 id="m2">test.Logintest#browserlaunch</h3><table class="result"><tr><th class="invisible"/></tr></table><p class="totop"><a href="#summary">back to summary</a></p>
<h3 id="m3">test.Logintest#shuttingBrowser</h3><table class="result"><tr><th class="invisible"/></tr></table><p class="totop"><a href="#summary">back to summary</a></p>
<h3 id="m4">test.Producttest#browserlaunch</h3><table class="result"><tr><th class="invisible"/></tr></table><p class="totop"><a href="#summary">back to summary</a></p>
<h3 id="m5">test.Producttest#browserlaunch</h3><table class="result"><tr><th class="invisible"/></tr></table><p class="totop"><a href="#summary">back to summary</a></p>
<h3 id="m6">test.Producttest#browserlaunch</h3><table class="result"><tr><th class="invisible"/></tr></table><p class="totop"><a href="#summary">back to summary</a></p>
<h3 id="m7">test.Producttest#browserlaunch</h3><table class="result"><tr><th class="invisible"/></tr></table><p class="totop"><a href="#summary">back to summary</a></p>
<h3 id="m8">test.Producttest#shuttingBrowser</h3><table class="result"><tr><th class="invisible"/></tr></table><p class="totop"><a href="#summary">back to summary</a></p>
<h3 id="m9">test.Producttest#shuttingBrowser</h3><table class="result"><tr><th class="invisible"/></tr></table><p class="totop"><a href="#summary">back to summary</a></p>
<h3 id="m10">test.Producttest#shuttingBrowser</h3><table class="result"><tr><th class="invisible"/></tr></table><p class="totop"><a href="#summary">back to summary</a></p>
<h3 id="m11">test.Producttest#shuttingBrowser</h3><table class="result"><tr><th class="invisible"/></tr></table><p class="totop"><a href="#summary">back to summary</a></p>
<h3 id="m12">test.Logintest#verifyValidLogin</h3><table class="result"><tr><th>Exception</th></tr><tr><td><div class="stacktrace">java.lang.IllegalArgumentException: Test name must not be null or empty
	at com.aventstack.extentreports.util.Assert.notEmpty(Assert.java:12)
	at com.aventstack.extentreports.ExtentTest.&lt;init&gt;(ExtentTest.java:97)
	at com.aventstack.extentreports.ExtentTest.&lt;init&gt;(ExtentTest.java:118)
	at com.aventstack.extentreports.ExtentReports.createTest(ExtentReports.java:231)
	at base.Projectspecificationmethod.testDetails(Projectspecificationmethod.java:31)
	at java.base/java.util.ArrayList.forEach(ArrayList.java:1596)
... Removed 23 stack frames</div></td></tr></table><p class="totop"><a href="#summary">back to summary</a></p>
<h3 id="m13">test.Producttest#extractProductsByHeader</h3><table class="result"><tr><th>Exception</th></tr><tr><td><div class="stacktrace">java.lang.IllegalArgumentException: Test name must not be null or empty
	at com.aventstack.extentreports.util.Assert.notEmpty(Assert.java:12)
	at com.aventstack.extentreports.ExtentTest.&lt;init&gt;(ExtentTest.java:97)
	at com.aventstack.extentreports.ExtentTest.&lt;init&gt;(ExtentTest.java:118)
	at com.aventstack.extentreports.ExtentReports.createTest(ExtentReports.java:231)
	at base.Projectspecificationmethod.testDetails(Projectspecificationmethod.java:31)
	at java.base/java.util.ArrayList.forEach(ArrayList.java:1596)
... Removed 23 stack frames</div></td></tr></table><p class="totop"><a href="#summary">back to summary</a></p>
<h3 id="m14">test.Producttest#verifyAddToCartWithSorting</h3><table class="result"><tr class="param"><th>Parameter #1</th></tr><tr class="param stripe"><td>Price (low to high)</td></tr><tr><th>Exception</th></tr><tr><td><div class="stacktrace">java.lang.IllegalArgumentException: Test name must not be null or empty
	at com.aventstack.extentreports.util.Assert.notEmpty(Assert.java:12)
	at com.aventstack.extentreports.ExtentTest.&lt;init&gt;(ExtentTest.java:97)
	at com.aventstack.extentreports.ExtentTest.&lt;init&gt;(ExtentTest.java:118)
	at com.aventstack.extentreports.ExtentReports.createTest(ExtentReports.java:231)
	at base.Projectspecificationmethod.testDetails(Projectspecificationmethod.java:31)
	at java.base/java.util.ArrayList.forEach(ArrayList.java:1596)
... Removed 23 stack frames</div></td></tr></table><p class="totop"><a href="#summary">back to summary</a></p>
<h3 id="m15">test.Producttest#verifyAddToCartWithSorting</h3><table class="result"><tr class="param"><th>Parameter #1</th></tr><tr class="param stripe"><td>Price (high to low)</td></tr><tr><th>Exception</th></tr><tr><td><div class="stacktrace">java.lang.IllegalArgumentException: Test name must not be null or empty
	at com.aventstack.extentreports.util.Assert.notEmpty(Assert.java:12)
	at com.aventstack.extentreports.ExtentTest.&lt;init&gt;(ExtentTest.java:97)
	at com.aventstack.extentreports.ExtentTest.&lt;init&gt;(ExtentTest.java:118)
	at com.aventstack.extentreports.ExtentReports.createTest(ExtentReports.java:231)
	at base.Projectspecificationmethod.testDetails(Projectspecificationmethod.java:31)
	at java.base/java.util.ArrayList.forEach(ArrayList.java:1596)
... Removed 23 stack frames</div></td></tr></table><p class="totop"><a href="#summary">back to summary</a></p>
<h3 id="m16">test.Producttest#verifyAddToCartWithSorting</h3><table class="result"><tr class="param"><th>Parameter #1</th></tr><tr class="param stripe"><td>Name (A to Z)</td></tr><tr><th>Exception</th></tr><tr><td><div class="stacktrace">java.lang.IllegalArgumentException: Test name must not be null or empty
	at com.aventstack.extentreports.util.Assert.notEmpty(Assert.java:12)
	at com.aventstack.extentreports.ExtentTest.&lt;init&gt;(ExtentTest.java:97)
	at com.aventstack.extentreports.ExtentTest.&lt;init&gt;(ExtentTest.java:118)
	at com.aventstack.extentreports.ExtentReports.createTest(ExtentReports.java:231)
	at base.Projectspecificationmethod.testDetails(Projectspecificationmethod.java:31)
	at java.base/java.util.ArrayList.forEach(ArrayList.java:1596)
... Removed 23 stack frames</div></td></tr></table><p class="totop"><a href="#summary">back to summary</a></p>
</body>
</html>
